ACOM ACOM 46.548 13.5137 1788
AGOR AGOR 46.2829 12.0472 631
AOI AOI 43.55017 13.602 530
APEC APEC 43.55846 12.41991 488
ARVD ARVD 43.49807 12.94153 461
A016 ASCOL 42.851223 13.58969 180
ATBU ATBU 43.47571 12.54828 1000
ATCC ATCC 43.18514 12.63994 557
ATFO ATFO 43.3666 12.5715 960
ATLO ATLO 43.31516 12.40726 584
ATMC ATMC 43.44685 12.1928 740
ATPC ATPC 43.4807 12.457 810
ATPI ATPI 43.45068 12.40222 694
ATSC ATSC 43.424 12.68641 895
ATVO ATVO 43.38211 12.40663 638
BADI BADI 43.50967 12.24433 430
BLLA BLLA 44.14294 12.47033 1
BLY BLY 44.7488 17.1839 256
BOJS BOJS 45.5043 15.2518 252
BRIS BRIS 44.22454 11.76657 260
BRSN BRSN 44.28418 12.08023 20
CADA CADA 43.1942 13.7614 148
CAE CAE 46.009 12.4379 870
CAMP CAMP 42.53578 13.409 1283
CAVE CAVE 44.8658 11.0031 18
CDCA CDCA 43.4584 12.2336 50
CESI CESI 43.0049 12.9046 840
CIMA CIMA 43.305297 13.670091 163
CIMO CIMO 46.3116 12.4448 710
CING CING 43.37557 13.1954 626
CLUD CLUD 46.4569 12.8814 635
COR1 COR1 43.63183 13.00033 237
CPGN CPGN 43.8011 12.3205 1400
CRE CRE 43.61888 11.95167 1215
CRTC CRTC 43.768478 12.883011 197
CSP1 CSP1 43.091833 13.204833 1188
CTI CTI 46.04818 11.6497 1180
DOSS DOSS 45.8808 11.1884 1660
DST2 DST2 45.6589 13.8013 80
EL6 EL6 43.329333 13.101667 978
FANO FANO 43.843471 13.018354 15
FAZ FAZ 44.298 11.8907 72
FCOR FCOR 43.76911 12.81459 555
FDMO FDMO 43.0365 13.0873 550
FEMA FEMA 42.9621 13.04976 1370
FERS FERS 44.9035 11.5406 3
FIU1 FIU1 43.188561 12.931604 479
FOSV FOSV 43.29483 12.76117 559
FRON FRON 43.51777 12.72572 515
FUSE FUSE 46.4142 13.0011 520
GAG1 GAG1 43.238063 13.067434 484
GEPF GEPF 46.275 13.1386 255
GIGS GIGS 42.453167 13.572833 960
GUMA GUMA 43.0627 13.3352 574
IMOL IMOL 44.35955 11.74248 27
LJU LJU 46.0438 14.5278 396
LMD LMD 44.07746 11.707267 450
MARN MARN 45.6378 11.2099 785
MC2 MC2 42.911418 13.188976 2
MCIF MCIF 43.811583 12.631683 330
MDAR MDAR 43.1927 13.1427 940
MF5 MF5 42.987797 13.459709 723
MML1 MML1 43.1135 12.9717 943
MMO1 MMO1 42.899333 13.326833 957
MMUR MMUR 43.44183 12.9973 800
MNTP MNTP 43.137378 13.469252 325
MNTT MNTT 43.062 13.595667 343
MPAG MPAG 43.6292 12.7595 930
MPRI MPRI 46.2408 12.9877 762
MTCL MTCL 42.9939 12.9994 660
MTL1 MTL1 43.256732 13.009601 353
MTRA MTRA 42.75669 13.39654 809
MTRZ MTRZ 44.3128 11.4248 570
MURB MURB 43.263 12.5246 845
NARO NARO 43.610823 12.580583 272
NRCA NRCA 42.83355 13.11427 927
OFFI OFFI 42.935 13.6857 320
PALA PALA 46.245 12.924 1280
PANI PANI 46.0501 11.3341 1983
PARC PARC 43.6486 12.2386 580
PCRO PCRO 43.60768 13.53233 165
PE3 PE3 43.696 12.496333 530
PESA PESA 43.94105 12.84018 221
PF6 PF6 43.137868 13.194333 419
PIEI PIEI 43.53567 12.535 665
PLRO PLRO 46.5491 13.1481 1410
POLC POLC 46.0266 12.5005 150
PP3 PP3 43.37783 13.6095 21
PTCC PTCC 46.4075 13.354 700
RAVA RAVA 44.75587 11.1188 15
ROVR ROVR 45.6468 11.0721 1316
SABO SABO 45.9875 13.6336 621
SAIV SAIV 43.66482 12.413039 360
SAP2 SAP2 43.09667 13.399167 402
SEF1 SEF1 43.14683 12.94762 518
SENI SENI 43.7052 13.2331 10
SERM SERM 45.00997 11.29582 7
SFI SFI 43.90477 11.84695 548
SIB1 SIB1 42.894696 13.270039 1734
SIB2 SIB2 42.891082 13.303827 778
SIB3 SIB3 42.875077 13.269997 988
SMA1 SMA1 42.6305 13.3353 1150
SNS1 SNS1 43.5735 12.1312 366
SNTG SNTG 43.255 12.94057 650
SSFR SSFR 43.43628 12.78225 750
STAL STAL 46.2601 12.7104 625
A044 T1711 44.00221 12.59612 67
A045 T1714 43.47642 13.39792 117
A046 T1718 44.25991 12.29882 41
A047 T1741 43.75317 13.03589 175
A048 T1742 43.61656 13.20539 200
A049 T1743 43.84515 12.8892 126
A050 T1756 44.059676 12.102105 364
A051 T1757 44.71665 11.85594 0
TB01 TB01 43.381567 12.435667 643
TB02 TB02 43.370417 12.409367 691
TB03 TB03 43.40134 12.41034 580
TERO TERO 42.62279 13.60393 673
TRE1 TRE1 43.311198 13.312848 330
TREG TREG 45.523 11.1606 342
TRI TRI 45.709 13.764 161
TRTR TRTR 42.8081 13.9138 160
TSM2 TSM2 43.396312 12.48993 632
TSM3 TSM3 43.382967 12.355594 341
UMBT UMBT 43.304 12.3437 252
VARN VARN 45.9922 12.1051 1265
VCEL VCEL 42.39455 13.84059 1185
VENL VENL 45.4167 12.3765 4
VINO VINO 46.25383 13.2755 608
VISG VISG 44.188961 11.43431 727
ZOVE ZOVE 45.4536 11.4876 376
